[2026-05-28 00:19:11,754: INFO: common: yaml file: config\config.yaml loaded successfully]
[2026-05-28 00:19:11,818: INFO: common: yaml file: params.yaml loaded successfully]
[2026-05-28 00:22:50,405: INFO: common: yaml file: config\config.yaml loaded successfully]
[2026-05-28 00:22:50,413: INFO: common: yaml file: params.yaml loaded successfully]
[2026-05-28 00:22:50,422: INFO: common: yaml file: schema.yaml loaded successfully]
[2026-05-28 00:22:50,434: INFO: common: created directory at: artifacts_root]
[2026-05-28 00:22:50,449: INFO: common: created directory at: artifacts/data_ingestion]
[2026-05-28 00:27:21,260: INFO: common: yaml file: config\config.yaml loaded successfully]
[2026-05-28 00:27:21,286: INFO: common: yaml file: params.yaml loaded successfully]
[2026-05-28 00:27:21,295: INFO: common: yaml file: schema.yaml loaded successfully]
[2026-05-28 00:27:21,303: INFO: common: created directory at: artifacts_root]
[2026-05-28 00:27:21,311: INFO: common: created directory at: artifacts/data_ingestion]
[2026-05-28 00:29:56,446: INFO: common: yaml file: config\config.yaml loaded successfully]
[2026-05-28 00:29:56,458: INFO: common: yaml file: params.yaml loaded successfully]
[2026-05-28 00:29:56,465: INFO: common: yaml file: schema.yaml loaded successfully]
[2026-05-28 00:29:56,471: INFO: common: created directory at: artifacts_root]
[2026-05-28 00:29:56,476: INFO: common: created directory at: artifacts/data_ingestion]
[2026-05-28 00:37:42,884: INFO: common: yaml file: config\config.yaml loaded successfully]
[2026-05-28 00:37:42,894: INFO: common: yaml file: params.yaml loaded successfully]
[2026-05-28 00:37:42,900: INFO: common: yaml file: schema.yaml loaded successfully]
[2026-05-28 00:37:42,904: INFO: common: created directory at: artifacts_root]
[2026-05-28 00:37:42,909: INFO: common: created directory at: artifacts/data_ingestion]
[2026-06-01 22:43:21,266: INFO: main: >>>>> stage Data Ingestion Stage started <<<<<<<]
[2026-06-01 22:43:21,271: INFO: common: yaml file: config\config.yaml loaded successfully]
[2026-06-01 22:43:21,274: INFO: common: yaml file: params.yaml loaded successfully]
[2026-06-01 22:43:21,276: INFO: common: yaml file: schema.yaml loaded successfully]
[2026-06-01 22:43:21,277: INFO: common: created directory at: artifacts_root]
[2026-06-01 22:43:21,278: INFO: common: created directory at: artifacts/data_ingestion]
[2026-06-01 22:43:21,922: INFO: data_ingestion: artifacts/data_ingestion/data.zip download! with following info: 
Connection: close
Content-Length: 23329
Cache-Control: max-age=300
Content-Security-Policy: default-src 'none'; style-src 'unsafe-inline'; sandbox
Content-Type: application/zip
ETag: "c69888a4ae59bc5a893392785a938ccd4937981c06ba8a9d6a21aa52b4ab5b6e"
Strict-Transport-Security: max-age=31536000
X-Content-Type-Options: nosniff
X-Frame-Options: deny
X-XSS-Protection: 1; mode=block
X-GitHub-Request-Id: 61D6:69D01:74AF6B:E0598B:6A1DFCF4
Accept-Ranges: bytes
Date: Mon, 01 Jun 2026 21:43:22 GMT
Via: 1.1 varnish
X-Served-By: cache-lhr-egll1980021-LHR
X-Cache: MISS
X-Cache-Hits: 0
X-Timer: S1780350202.127601,VS0,VE173
Vary: Authorization,Accept-Encoding
Access-Control-Allow-Origin: *
Cross-Origin-Resource-Policy: cross-origin
X-Fastly-Request-ID: 3355ffc3636fc5f0157f7823472143d2d5e73f10
Expires: Mon, 01 Jun 2026 21:48:22 GMT
Source-Age: 0

]
[2026-06-01 22:43:21,931: INFO: main: >>>>> stage Data Ingestion Stage completed <<<<<

x=====x]
[2026-06-02 00:31:07,152: INFO: common: yaml file: config\config.yaml loaded successfully]
[2026-06-02 00:31:07,185: INFO: common: yaml file: params.yaml loaded successfully]
[2026-06-02 00:31:07,190: INFO: common: yaml file: schema.yaml loaded successfully]
[2026-06-02 00:31:07,201: INFO: common: created directory at: artifacts_root]
[2026-06-02 00:31:07,206: INFO: common: created directory at: artifacts/data_validation]
[2026-06-02 00:32:16,006: INFO: common: yaml file: config\config.yaml loaded successfully]
[2026-06-02 00:32:16,020: INFO: common: yaml file: params.yaml loaded successfully]
[2026-06-02 00:32:16,027: INFO: common: yaml file: schema.yaml loaded successfully]
[2026-06-02 00:32:16,052: INFO: common: created directory at: artifacts_root]
[2026-06-02 00:32:16,062: INFO: common: created directory at: artifacts/data_validation]
[2026-06-02 00:33:07,327: INFO: common: yaml file: config\config.yaml loaded successfully]
[2026-06-02 00:33:07,335: INFO: common: yaml file: params.yaml loaded successfully]
[2026-06-02 00:33:07,340: INFO: common: yaml file: schema.yaml loaded successfully]
[2026-06-02 00:33:07,344: INFO: common: created directory at: artifacts_root]
[2026-06-02 00:33:07,348: INFO: common: created directory at: artifacts/data_validation]
[2026-06-02 00:35:42,142: INFO: common: yaml file: config\config.yaml loaded successfully]
[2026-06-02 00:35:42,155: INFO: common: yaml file: params.yaml loaded successfully]
[2026-06-02 00:35:42,162: INFO: common: yaml file: schema.yaml loaded successfully]
[2026-06-02 00:35:42,179: INFO: common: created directory at: artifacts_root]
[2026-06-02 00:35:42,187: INFO: common: created directory at: artifacts/data_validation]
[2026-06-02 00:36:38,494: INFO: common: yaml file: config\config.yaml loaded successfully]
[2026-06-02 00:36:38,502: INFO: common: yaml file: params.yaml loaded successfully]
[2026-06-02 00:36:38,508: INFO: common: yaml file: schema.yaml loaded successfully]
[2026-06-02 00:36:38,512: INFO: common: created directory at: artifacts_root]
[2026-06-02 00:36:38,516: INFO: common: created directory at: artifacts/data_validation]
[2026-06-02 00:36:41,378: INFO: common: yaml file: config\config.yaml loaded successfully]
[2026-06-02 00:36:41,384: INFO: common: yaml file: params.yaml loaded successfully]
[2026-06-02 00:36:41,390: INFO: common: yaml file: schema.yaml loaded successfully]
[2026-06-02 00:36:41,393: INFO: common: created directory at: artifacts_root]
[2026-06-02 00:36:41,395: INFO: common: created directory at: artifacts/data_validation]
[2026-06-02 00:39:45,264: INFO: common: yaml file: config\config.yaml loaded successfully]
[2026-06-02 00:39:45,279: INFO: common: yaml file: params.yaml loaded successfully]
[2026-06-02 00:39:45,286: INFO: common: yaml file: schema.yaml loaded successfully]
[2026-06-02 00:39:45,298: INFO: common: created directory at: artifacts_root]
[2026-06-02 00:39:45,301: INFO: common: created directory at: artifacts/data_validation]
[2026-06-02 00:40:15,766: INFO: common: yaml file: config\config.yaml loaded successfully]
[2026-06-02 00:40:15,771: INFO: common: yaml file: params.yaml loaded successfully]
[2026-06-02 00:40:15,778: INFO: common: yaml file: schema.yaml loaded successfully]
[2026-06-02 00:40:15,784: INFO: common: created directory at: artifacts_root]
[2026-06-02 00:40:15,789: INFO: common: created directory at: artifacts/data_validation]
[2026-06-02 00:41:44,481: INFO: common: yaml file: config\config.yaml loaded successfully]
[2026-06-02 00:41:44,500: INFO: common: yaml file: params.yaml loaded successfully]
[2026-06-02 00:41:44,509: INFO: common: yaml file: schema.yaml loaded successfully]
[2026-06-02 00:41:44,519: INFO: common: created directory at: artifacts_root]
[2026-06-02 00:41:44,527: INFO: common: created directory at: artifacts/data_validation]
[2026-06-02 00:46:26,188: INFO: common: yaml file: config\config.yaml loaded successfully]
[2026-06-02 00:46:26,202: INFO: common: yaml file: params.yaml loaded successfully]
[2026-06-02 00:46:26,211: INFO: common: yaml file: schema.yaml loaded successfully]
[2026-06-02 00:46:26,219: INFO: common: created directory at: artifacts_root]
[2026-06-02 00:46:26,223: INFO: common: created directory at: artifacts/data_validation]
[2026-06-02 00:46:48,173: INFO: common: yaml file: config\config.yaml loaded successfully]
[2026-06-02 00:46:48,177: INFO: common: yaml file: params.yaml loaded successfully]
[2026-06-02 00:46:48,184: INFO: common: yaml file: schema.yaml loaded successfully]
[2026-06-02 00:46:48,188: INFO: common: created directory at: artifacts_root]
[2026-06-02 00:46:48,192: INFO: common: created directory at: artifacts/data_validation]
[2026-06-02 00:47:04,965: INFO: common: yaml file: config\config.yaml loaded successfully]
[2026-06-02 00:47:04,969: INFO: common: yaml file: params.yaml loaded successfully]
[2026-06-02 00:47:04,972: INFO: common: yaml file: schema.yaml loaded successfully]
[2026-06-02 00:47:04,976: INFO: common: created directory at: artifacts_root]
[2026-06-02 00:47:04,981: INFO: common: created directory at: artifacts/data_validation]
[2026-06-02 00:47:42,979: INFO: common: yaml file: config\config.yaml loaded successfully]
[2026-06-02 00:47:42,986: INFO: common: yaml file: params.yaml loaded successfully]
[2026-06-02 00:47:42,995: INFO: common: yaml file: schema.yaml loaded successfully]
[2026-06-02 00:47:43,002: INFO: common: created directory at: artifacts_root]
[2026-06-02 00:47:43,006: INFO: common: created directory at: artifacts/data_validation]
[2026-06-02 00:49:25,949: INFO: common: yaml file: config\config.yaml loaded successfully]
[2026-06-02 00:49:25,968: INFO: common: yaml file: params.yaml loaded successfully]
[2026-06-02 00:49:25,978: INFO: common: yaml file: schema.yaml loaded successfully]
[2026-06-02 00:49:25,988: INFO: common: created directory at: artifacts_root]
[2026-06-02 00:49:25,996: INFO: common: created directory at: artifacts/data_validation]
[2026-06-02 18:14:33,991: INFO: main: >>>>> stage Data Ingestion Stage started <<<<<<<]
[2026-06-02 18:14:34,000: INFO: common: yaml file: config\config.yaml loaded successfully]
[2026-06-02 18:14:34,007: INFO: common: yaml file: params.yaml loaded successfully]
[2026-06-02 18:14:34,014: INFO: common: yaml file: schema.yaml loaded successfully]
[2026-06-02 18:14:34,018: INFO: common: created directory at: artifacts_root]
[2026-06-02 18:14:34,026: INFO: common: created directory at: artifacts/data_ingestion]
[2026-06-02 18:14:35,063: INFO: data_ingestion: artifacts/data_ingestion/data.zip download! with following info: 
Connection: close
Content-Length: 23329
Cache-Control: max-age=300
Content-Security-Policy: default-src 'none'; style-src 'unsafe-inline'; sandbox
Content-Type: application/zip
ETag: "c69888a4ae59bc5a893392785a938ccd4937981c06ba8a9d6a21aa52b4ab5b6e"
Strict-Transport-Security: max-age=31536000
X-Content-Type-Options: nosniff
X-Frame-Options: deny
X-XSS-Protection: 1; mode=block
X-GitHub-Request-Id: F348:26934:95D820:11DD8AD:6A1F0F79
Accept-Ranges: bytes
Date: Tue, 02 Jun 2026 17:14:34 GMT
Via: 1.1 varnish
X-Served-By: cache-lhr-egll1980030-LHR
X-Cache: MISS
X-Cache-Hits: 0
X-Timer: S1780420474.085757,VS0,VE326
Vary: Authorization,Accept-Encoding
Access-Control-Allow-Origin: *
Cross-Origin-Resource-Policy: cross-origin
X-Fastly-Request-ID: 814c7e5c708d0a32ba1f5f71ee6674393d6de7fa
Expires: Tue, 02 Jun 2026 17:19:34 GMT
Source-Age: 0

]
[2026-06-02 18:14:35,073: INFO: main: >>>>> stage Data Ingestion Stage completed <<<<<

x=====x]
[2026-06-02 18:14:35,076: INFO: main: >>>>> stage Data Validation Stage started <<<<<<<]
[2026-06-02 18:14:35,082: INFO: common: yaml file: config\config.yaml loaded successfully]
[2026-06-02 18:14:35,086: INFO: common: yaml file: params.yaml loaded successfully]
[2026-06-02 18:14:35,092: INFO: common: yaml file: schema.yaml loaded successfully]
[2026-06-02 18:14:35,096: INFO: common: created directory at: artifacts_root]
[2026-06-02 18:14:35,102: INFO: common: created directory at: artifacts/data_validation]
[2026-06-02 18:14:35,155: INFO: main: >>>>> stage Data Validation Stage completed <<<<<

x=====x]
